1636492554920	mozrunner::runner	INFO	Running command: "/usr/bin/firefox" "-marionette" "-foreground" "-no-remote" "-profile" "/tmp/rust_mozprofile.aflZemN52EkH"
Gtk-Message: 21:15:55.055: Failed to load module "appmenu-gtk-module"
Gtk-Message: 21:15:55.930: Failed to load module "appmenu-gtk-module"
Gtk-Message: 21:15:56.007: Failed to load module "appmenu-gtk-module"
1636492556462	Marionette	INFO	Listening on port 43143
1636492556535	Marionette	WARN	TLS certificate errors will be ignored for this session
[Child 50435, MediaDecoderStateMachine #1] WARNING: Decoder=7fe549749400 Decode error: NS_ERROR_DOM_MEDIA_FATAL_ERR (0x806e0005) - RefPtr<mozilla::MozPromise<RefPtr<mozilla::MediaTrackDemuxer::SamplesHolder>, mozilla::MediaResult, true> > mozilla::MediaSourceTrackDemuxer::DoGetSamples(int32_t): manager is detached.: file ./dom/media/MediaDecoderStateMachine.cpp, line 3470
[Child 50435, MediaDecoderStateMachine #1] WARNING: Decoder=7fe549749400 Decode error: NS_ERROR_DOM_MEDIA_FATAL_ERR (0x806e0005) - RefPtr<mozilla::MozPromise<RefPtr<mozilla::MediaTrackDemuxer::SamplesHolder>, mozilla::MediaResult, true> > mozilla::MediaSourceTrackDemuxer::DoGetSamples(int32_t): manager is detached.: file ./dom/media/MediaDecoderStateMachine.cpp, line 3470
console.error: "Store does not have a valid reducer. Make sure the argument passed to combineReducers is an object whose values are reducers."
IPDL protocol error: Handler returned error code!

###!!! [Parent][DispatchAsyncMessage] Error: PLayerTransaction::Msg_ReleaseLayer Processing error: message was deserialized, but the handler returned false (indicating failure)

IPDL protocol error: Handler returned error code!

###!!! [Parent][DispatchAsyncMessage] Error: PLayerTransaction::Msg_ReleaseLayer Processing error: message was deserialized, but the handler returned false (indicating failure)

1636492590804	Marionette	INFO	Stopped listening on port 43143
1636492626427	mozrunner::runner	INFO	Running command: "/usr/bin/firefox" "-marionette" "-foreground" "-no-remote" "-profile" "/tmp/rust_mozprofile.acJ1Ua4u9l1B"
Gtk-Message: 21:17:06.564: Failed to load module "appmenu-gtk-module"
Gtk-Message: 21:17:07.454: Failed to load module "appmenu-gtk-module"
Gtk-Message: 21:17:07.532: Failed to load module "appmenu-gtk-module"
1636492628038	Marionette	INFO	Listening on port 34347
1636492628141	Marionette	WARN	TLS certificate errors will be ignored for this session
[Child 51066, MediaDecoderStateMachine #1] WARNING: Decoder=7ff98700a000 Decode error: NS_ERROR_DOM_MEDIA_FATAL_ERR (0x806e0005) - RefPtr<mozilla::MozPromise<RefPtr<mozilla::MediaTrackDemuxer::SamplesHolder>, mozilla::MediaResult, true> > mozilla::MediaSourceTrackDemuxer::DoGetSamples(int32_t): manager is detached.: file ./dom/media/MediaDecoderStateMachine.cpp, line 3470
[Child 51066, MediaDecoderStateMachine #1] WARNING: Decoder=7ff98700a000 Decode error: NS_ERROR_DOM_MEDIA_FATAL_ERR (0x806e0005) - RefPtr<mozilla::MozPromise<RefPtr<mozilla::MediaTrackDemuxer::SamplesHolder>, mozilla::MediaResult, true> > mozilla::MediaSourceTrackDemuxer::DoGetSamples(int32_t): manager is detached.: file ./dom/media/MediaDecoderStateMachine.cpp, line 3470
[Child 51066, MediaDecoderStateMachine #1] WARNING: Decoder=7ff98700a000 Decode error: NS_ERROR_DOM_MEDIA_FATAL_ERR (0x806e0005) - RefPtr<mozilla::MozPromise<RefPtr<mozilla::MediaTrackDemuxer::SamplesHolder>, mozilla::MediaResult, true> > mozilla::MediaSourceTrackDemuxer::DoGetSamples(int32_t): manager is detached.: file ./dom/media/MediaDecoderStateMachine.cpp, line 3470
[Child 51066, MediaDecoderStateMachine #1] WARNING: Decoder=7ff98700a000 Decode error: NS_ERROR_DOM_MEDIA_FATAL_ERR (0x806e0005) - RefPtr<mozilla::MozPromise<RefPtr<mozilla::MediaTrackDemuxer::SamplesHolder>, mozilla::MediaResult, true> > mozilla::MediaSourceTrackDemuxer::DoGetSamples(int32_t): manager is detached.: file ./dom/media/MediaDecoderStateMachine.cpp, line 3470
[Child 51066, MediaDecoderStateMachine #1] WARNING: Decoder=7ff98700a000 Decode error: NS_ERROR_DOM_MEDIA_FATAL_ERR (0x806e0005) - RefPtr<mozilla::MozPromise<RefPtr<mozilla::MediaTrackDemuxer::SamplesHolder>, mozilla::MediaResult, true> > mozilla::MediaSourceTrackDemuxer::DoGetSamples(int32_t): manager is detached.: file ./dom/media/MediaDecoderStateMachine.cpp, line 3470
[Child 51066, MediaDecoderStateMachine #1] WARNING: Decoder=7ff98700a000 Decode error: NS_ERROR_DOM_MEDIA_FATAL_ERR (0x806e0005) - RefPtr<mozilla::MozPromise<RefPtr<mozilla::MediaTrackDemuxer::SamplesHolder>, mozilla::MediaResult, true> > mozilla::MediaSourceTrackDemuxer::DoGetSamples(int32_t): manager is detached.: file ./dom/media/MediaDecoderStateMachine.cpp, line 3470
[Child 51066, MediaDecoderStateMachine #1] WARNING: Decoder=7ff98700a000 Decode error: NS_ERROR_DOM_MEDIA_FATAL_ERR (0x806e0005) - RefPtr<mozilla::MozPromise<RefPtr<mozilla::MediaTrackDemuxer::SamplesHolder>, mozilla::MediaResult, true> > mozilla::MediaSourceTrackDemuxer::DoGetSamples(int32_t): manager is detached.: file ./dom/media/MediaDecoderStateMachine.cpp, line 3470
[Child 51066, MediaDecoderStateMachine #1] WARNING: Decoder=7ff98700a000 Decode error: NS_ERROR_DOM_MEDIA_FATAL_ERR (0x806e0005) - RefPtr<mozilla::MozPromise<RefPtr<mozilla::MediaTrackDemuxer::SamplesHolder>, mozilla::MediaResult, true> > mozilla::MediaSourceTrackDemuxer::DoGetSamples(int32_t): manager is detached.: file ./dom/media/MediaDecoderStateMachine.cpp, line 3470
[Child 51066, MediaDecoderStateMachine #1] WARNING: Decoder=7ff98700a000 Decode error: NS_ERROR_DOM_MEDIA_FATAL_ERR (0x806e0005) - RefPtr<mozilla::MozPromise<RefPtr<mozilla::MediaTrackDemuxer::SamplesHolder>, mozilla::MediaResult, true> > mozilla::MediaSourceTrackDemuxer::DoGetSamples(int32_t): manager is detached.: file ./dom/media/MediaDecoderStateMachine.cpp, line 3470
[Child 51066, MediaDecoderStateMachine #1] WARNING: Decoder=7ff98ccbd800 Decode error: NS_ERROR_DOM_MEDIA_FATAL_ERR (0x806e0005) - RefPtr<mozilla::MozPromise<RefPtr<mozilla::MediaTrackDemuxer::SamplesHolder>, mozilla::MediaResult, true> > mozilla::MediaSourceTrackDemuxer::DoGetSamples(int32_t): manager is detached.: file ./dom/media/MediaDecoderStateMachine.cpp, line 3470
[Child 51066, MediaDecoderStateMachine #1] WARNING: Decoder=7ff98ccbd800 Decode error: NS_ERROR_DOM_MEDIA_FATAL_ERR (0x806e0005) - RefPtr<mozilla::MozPromise<RefPtr<mozilla::MediaTrackDemuxer::SamplesHolder>, mozilla::MediaResult, true> > mozilla::MediaSourceTrackDemuxer::DoGetSamples(int32_t): manager is detached.: file ./dom/media/MediaDecoderStateMachine.cpp, line 3470
[Child 51066, MediaDecoderStateMachine #1] WARNING: Decoder=7ff98ccbd800 Decode error: NS_ERROR_DOM_MEDIA_FATAL_ERR (0x806e0005) - RefPtr<mozilla::MozPromise<RefPtr<mozilla::MediaTrackDemuxer::SamplesHolder>, mozilla::MediaResult, true> > mozilla::MediaSourceTrackDemuxer::DoGetSamples(int32_t): manager is detached.: file ./dom/media/MediaDecoderStateMachine.cpp, line 3470
[Child 51066, MediaDecoderStateMachine #1] WARNING: Decoder=7ff98ccbd800 Decode error: NS_ERROR_DOM_MEDIA_FATAL_ERR (0x806e0005) - RefPtr<mozilla::MozPromise<RefPtr<mozilla::MediaTrackDemuxer::SamplesHolder>, mozilla::MediaResult, true> > mozilla::MediaSourceTrackDemuxer::DoGetSamples(int32_t): manager is detached.: file ./dom/media/MediaDecoderStateMachine.cpp, line 3470
[Child 51066, MediaDecoderStateMachine #1] WARNING: Decoder=7ff98ccbd800 Decode error: NS_ERROR_DOM_MEDIA_FATAL_ERR (0x806e0005) - RefPtr<mozilla::MozPromise<RefPtr<mozilla::MediaTrackDemuxer::SamplesHolder>, mozilla::MediaResult, true> > mozilla::MediaSourceTrackDemuxer::DoGetSamples(int32_t): manager is detached.: file ./dom/media/MediaDecoderStateMachine.cpp, line 3470
[Child 51066, MediaDecoderStateMachine #1] WARNING: Decoder=7ff98ccbd800 Decode error: NS_ERROR_DOM_MEDIA_FATAL_ERR (0x806e0005) - RefPtr<mozilla::MozPromise<RefPtr<mozilla::MediaTrackDemuxer::SamplesHolder>, mozilla::MediaResult, true> > mozilla::MediaSourceTrackDemuxer::DoGetSamples(int32_t): manager is detached.: file ./dom/media/MediaDecoderStateMachine.cpp, line 3470
console.error: "Store does not have a valid reducer. Make sure the argument passed to combineReducers is an object whose values are reducers."
IPDL protocol error: Handler returned error code!

###!!! [Parent][DispatchAsyncMessage] Error: PLayerTransaction::Msg_ReleaseLayer Processing error: message was deserialized, but the handler returned false (indicating failure)

IPDL protocol error: Handler returned error code!

###!!! [Parent][DispatchAsyncMessage] Error: PLayerTransaction::Msg_ReleaseLayer Processing error: message was deserialized, but the handler returned false (indicating failure)

IPDL protocol error: Handler returned error code!

###!!! [Parent][DispatchAsyncMessage] Error: PLayerTransaction::Msg_ReleaseLayer Processing error: message was deserialized, but the handler returned false (indicating failure)

IPDL protocol error: Handler returned error code!

###!!! [Parent][DispatchAsyncMessage] Error: PLayerTransaction::Msg_ReleaseLayer Processing error: message was deserialized, but the handler returned false (indicating failure)

1636492682110	Marionette	INFO	Stopped listening on port 34347
1636492691381	mozrunner::runner	INFO	Running command: "/usr/bin/firefox" "-marionette" "-foreground" "-no-remote" "-profile" "/tmp/rust_mozprofile.RPoxtJMfMMor"
Gtk-Message: 21:18:11.520: Failed to load module "appmenu-gtk-module"
Gtk-Message: 21:18:12.398: Failed to load module "appmenu-gtk-module"
Gtk-Message: 21:18:12.493: Failed to load module "appmenu-gtk-module"
1636492692944	Marionette	INFO	Listening on port 36057
1636492692985	Marionette	WARN	TLS certificate errors will be ignored for this session
[Child 51848, MediaDecoderStateMachine #1] WARNING: Decoder=7f345d4d9000 Decode error: NS_ERROR_DOM_MEDIA_FATAL_ERR (0x806e0005) - RefPtr<mozilla::MozPromise<RefPtr<mozilla::MediaTrackDemuxer::SamplesHolder>, mozilla::MediaResult, true> > mozilla::MediaSourceTrackDemuxer::DoGetSamples(int32_t): manager is detached.: file ./dom/media/MediaDecoderStateMachine.cpp, line 3470
[Child 51848, MediaDecoderStateMachine #1] WARNING: Decoder=7f345d4d9000 Decode error: NS_ERROR_DOM_MEDIA_FATAL_ERR (0x806e0005) - RefPtr<mozilla::MozPromise<RefPtr<mozilla::MediaTrackDemuxer::SamplesHolder>, mozilla::MediaResult, true> > mozilla::MediaSourceTrackDemuxer::DoGetSamples(int32_t): manager is detached.: file ./dom/media/MediaDecoderStateMachine.cpp, line 3470
[Child 51848, MediaDecoderStateMachine #1] WARNING: Decoder=7f345d4d9000 Decode error: NS_ERROR_DOM_MEDIA_FATAL_ERR (0x806e0005) - RefPtr<mozilla::MozPromise<RefPtr<mozilla::MediaTrackDemuxer::SamplesHolder>, mozilla::MediaResult, true> > mozilla::MediaSourceTrackDemuxer::DoGetSamples(int32_t): manager is detached.: file ./dom/media/MediaDecoderStateMachine.cpp, line 3470
[Child 51848, MediaDecoderStateMachine #1] WARNING: Decoder=7f344775c400 Decode error: NS_ERROR_DOM_MEDIA_FATAL_ERR (0x806e0005) - RefPtr<mozilla::MozPromise<RefPtr<mozilla::MediaTrackDemuxer::SamplesHolder>, mozilla::MediaResult, true> > mozilla::MediaSourceTrackDemuxer::DoGetSamples(int32_t): manager is detached.: file ./dom/media/MediaDecoderStateMachine.cpp, line 3470
[Child 51848, MediaDecoderStateMachine #1] WARNING: Decoder=7f344775c400 Decode error: NS_ERROR_DOM_MEDIA_FATAL_ERR (0x806e0005) - RefPtr<mozilla::MozPromise<RefPtr<mozilla::MediaTrackDemuxer::SamplesHolder>, mozilla::MediaResult, true> > mozilla::MediaSourceTrackDemuxer::DoGetSamples(int32_t): manager is detached.: file ./dom/media/MediaDecoderStateMachine.cpp, line 3470
[Child 51848, MediaDecoderStateMachine #1] WARNING: Decoder=7f344775c400 Decode error: NS_ERROR_DOM_MEDIA_FATAL_ERR (0x806e0005) - RefPtr<mozilla::MozPromise<RefPtr<mozilla::MediaTrackDemuxer::SamplesHolder>, mozilla::MediaResult, true> > mozilla::MediaSourceTrackDemuxer::DoGetSamples(int32_t): manager is detached.: file ./dom/media/MediaDecoderStateMachine.cpp, line 3470
[Child 51848, MediaDecoderStateMachine #1] WARNING: Decoder=7f344775c400 Decode error: NS_ERROR_DOM_MEDIA_FATAL_ERR (0x806e0005) - RefPtr<mozilla::MozPromise<RefPtr<mozilla::MediaTrackDemuxer::SamplesHolder>, mozilla::MediaResult, true> > mozilla::MediaSourceTrackDemuxer::DoGetSamples(int32_t): manager is detached.: file ./dom/media/MediaDecoderStateMachine.cpp, line 3470
[Child 51848, MediaDecoderStateMachine #1] WARNING: Decoder=7f344775c400 Decode error: NS_ERROR_DOM_MEDIA_FATAL_ERR (0x806e0005) - RefPtr<mozilla::MozPromise<RefPtr<mozilla::MediaTrackDemuxer::SamplesHolder>, mozilla::MediaResult, true> > mozilla::MediaSourceTrackDemuxer::DoGetSamples(int32_t): manager is detached.: file ./dom/media/MediaDecoderStateMachine.cpp, line 3470
[Child 51848, MediaDecoderStateMachine #1] WARNING: Decoder=7f344775c400 Decode error: NS_ERROR_DOM_MEDIA_FATAL_ERR (0x806e0005) - RefPtr<mozilla::MozPromise<RefPtr<mozilla::MediaTrackDemuxer::SamplesHolder>, mozilla::MediaResult, true> > mozilla::MediaSourceTrackDemuxer::DoGetSamples(int32_t): manager is detached.: file ./dom/media/MediaDecoderStateMachine.cpp, line 3470
[Child 51848, MediaDecoderStateMachine #1] WARNING: Decoder=7f344775c400 Decode error: NS_ERROR_DOM_MEDIA_FATAL_ERR (0x806e0005) - RefPtr<mozilla::MozPromise<RefPtr<mozilla::MediaTrackDemuxer::SamplesHolder>, mozilla::MediaResult, true> > mozilla::MediaSourceTrackDemuxer::DoGetSamples(int32_t): manager is detached.: file ./dom/media/MediaDecoderStateMachine.cpp, line 3470
1636492726054	Marionette	INFO	Stopped listening on port 36057
1636492899275	mozrunner::runner	INFO	Running command: "/usr/bin/firefox" "-marionette" "-foreground" "-no-remote" "-profile" "/tmp/rust_mozprofile.bfqsQPKklMgO"
Gtk-Message: 21:21:39.409: Failed to load module "appmenu-gtk-module"
Gtk-Message: 21:21:40.383: Failed to load module "appmenu-gtk-module"
Gtk-Message: 21:21:40.478: Failed to load module "appmenu-gtk-module"
1636492900977	Marionette	INFO	Listening on port 37123
1636492900985	Marionette	WARN	TLS certificate errors will be ignored for this session
1636492934591	Marionette	INFO	Stopped listening on port 37123
